


ARM Macro Assembler    Page 1 


    1 00000000         ;******************** (C) COPYRIGHT 2007 STMicroelectron
                       ics ********************
    2 00000000         ;* File Name          : stm32f10x_vector.s
    3 00000000         ;* Author             : MCD Application Team
    4 00000000         ;* Date First Issued  : 05/21/2007
    5 00000000         ;* Description        : This module performs:
    6 00000000         ;*                      - Set the initial SP
    7 00000000         ;*                      - Set the initial PC == Reset_Ha
                       ndler,
    8 00000000         ;*                      - Set the vector table entries w
                       ith the exceptions ISR address,
    9 00000000         ;*                      - Branches to __main in the C li
                       brary (which eventually
   10 00000000         ;*                        calls main()).
   11 00000000         ;*                      After Reset the CortexM3 process
                       or is in Thread mode,
   12 00000000         ;*                      priority is Privileged, and the 
                       Stack is set to Main.
   13 00000000         ;* <<< Use Configuration Wizard in Context Menu >>>   
   14 00000000         ;*******************************************************
                       ************************
   15 00000000         ; History:
   16 00000000         ; 05/21/2007: V0.3                     
   17 00000000         ;*******************************************************
                       ************************
   18 00000000         ; THE PRESENT SOFTWARE WHICH IS FOR GUIDANCE ONLY AIMS A
                       T PROVIDING CUSTOMERS
   19 00000000         ; WITH CODING INFORMATION REGARDING THEIR PRODUCTS IN OR
                       DER FOR THEM TO SAVE TIME.
   20 00000000         ; AS A RESULT, STMICROELECTRONICS SHALL NOT BE HELD LIAB
                       LE FOR ANY DIRECT,
   21 00000000         ; INDIRECT OR CONSEQUENTIAL DAMAGES WITH RESPECT TO ANY 
                       CLAIMS ARISING FROM THE
   22 00000000         ; CONTENT OF SUCH SOFTWARE AND/OR THE USE MADE BY CUSTOM
                       ERS OF THE CODING
   23 00000000         ; INFORMATION CONTAINED HEREIN IN CONNECTION WITH THEIR 
                       PRODUCTS.
   24 00000000         ;*******************************************************
                       ************************
   25 00000000         
   26 00000000         ; Amount of memory (in bytes) allocated for Stack and He
                       ap
   27 00000000         ; Tailor those values to your application needs
   28 00000000         ;// <h> Stack Configuration
   29 00000000         ;//   <o> Stack Size (in Bytes) <0x0-0xFFFFFFFF:8>
   30 00000000         ;// </h>
   31 00000000         
   32 00000000 00000800 
                       Stack_Size
                               EQU              0x00000800
   33 00000000         
   34 00000000                 AREA             STACK, NOINIT, READWRITE, ALIGN
=2
   35 00000000         Stack_Mem
                               SPACE            Stack_Size
   36 00000800         
   37 00000800         __initial_sp
   38 00000800         ; If you need to use external SRAM mounted on STM3210E-E
                       VAL board as data memory



ARM Macro Assembler    Page 2 


   39 00000800         ; and internal SRAM for Stack, uncomment the following l
                       ine and comment the line above
   40 00000800         ;__initial_sp    EQU 0x20000000 + Stack_Size ; "Use Micr
                       oLIB" must be checked in
   41 00000800         ; the Project->Options->Target window
   42 00000800         
   43 00000800         ; Amount of memory (in bytes) allocated for Heap
   44 00000800         ; Tailor this value to your application needs
   45 00000800         ;// <h> Heap Configuration
   46 00000800         ;//   <o>  Heap Size (in Bytes) <0x0-0xFFFFFFFF:8>
   47 00000800         ;// </h>
   48 00000800         
   49 00000800 00000000 
                       Heap_Size
                               EQU              0           ;(10 * 1024) ;0x000
                                                            00
   50 00000800         
   51 00000800                 AREA             HEAP, NOINIT, READWRITE, ALIGN=
2
   52 00000000         __heap_base
   53 00000000         Heap_Mem
                               SPACE            Heap_Size
   54 00000000         __heap_limit
   55 00000000         
   56 00000000         
   57 00000000                 THUMB
   58 00000000                 PRESERVE8
   59 00000000         
   60 00000000         ; Import exceptions handlers
   61 00000000                 IMPORT           NMIException
   62 00000000                 IMPORT           HardFaultException
   63 00000000                 IMPORT           MemManageException
   64 00000000                 IMPORT           BusFaultException
   65 00000000                 IMPORT           UsageFaultException
   66 00000000                 IMPORT           SVCHandler
   67 00000000                 IMPORT           DebugMonitor
   68 00000000                 IMPORT           OSPendSV
   69 00000000                 IMPORT           OS_CPU_SysTickHandler
   70 00000000                 IMPORT           WWDG_IRQHandler
   71 00000000                 IMPORT           PVD_IRQHandler
   72 00000000                 IMPORT           TAMPER_IRQHandler
   73 00000000                 IMPORT           RTC_IRQHandler
   74 00000000                 IMPORT           FLASH_IRQHandler
   75 00000000                 IMPORT           RCC_IRQHandler
   76 00000000                 IMPORT           EXTI0_IRQHandler
   77 00000000                 IMPORT           EXTI1_IRQHandler
   78 00000000                 IMPORT           EXTI2_IRQHandler
   79 00000000                 IMPORT           EXTI3_IRQHandler
   80 00000000                 IMPORT           EXTI4_IRQHandler
   81 00000000                 IMPORT           DMA1_Channel1_IRQHandler
   82 00000000                 IMPORT           DMA1_Channel2_IRQHandler
   83 00000000                 IMPORT           DMA1_Channel3_IRQHandler
   84 00000000                 IMPORT           DMA1_Channel4_IRQHandler
   85 00000000                 IMPORT           DMA1_Channel5_IRQHandler
   86 00000000                 IMPORT           DMA1_Channel6_IRQHandler
   87 00000000                 IMPORT           DMA1_Channel7_IRQHandler
   88 00000000                 IMPORT           ADC1_2_IRQHandler
   89 00000000                 IMPORT           USB_HP_CAN_TX_IRQHandler
   90 00000000                 IMPORT           USB_LP_CAN_RX0_IRQHandler



ARM Macro Assembler    Page 3 


   91 00000000                 IMPORT           CAN_RX1_IRQHandler
   92 00000000                 IMPORT           CAN_SCE_IRQHandler
   93 00000000                 IMPORT           EXTI9_5_IRQHandler
   94 00000000                 IMPORT           TIM1_BRK_IRQHandler
   95 00000000                 IMPORT           TIM1_UP_IRQHandler
   96 00000000                 IMPORT           TIM1_TRG_COM_IRQHandler
   97 00000000                 IMPORT           TIM1_CC_IRQHandler
   98 00000000                 IMPORT           TIM2_IRQHandler
   99 00000000                 IMPORT           TIM3_IRQHandler
  100 00000000                 IMPORT           TIM4_IRQHandler
  101 00000000                 IMPORT           I2C1_EV_IRQHandler
  102 00000000                 IMPORT           I2C1_ER_IRQHandler
  103 00000000                 IMPORT           I2C2_EV_IRQHandler
  104 00000000                 IMPORT           I2C2_ER_IRQHandler
  105 00000000                 IMPORT           SPI1_IRQHandler
  106 00000000                 IMPORT           SPI2_IRQHandler
  107 00000000                 IMPORT           USART1_IRQHandler
  108 00000000                 IMPORT           USART2_IRQHandler
  109 00000000                 IMPORT           USART3_IRQHandler
  110 00000000                 IMPORT           EXTI15_10_IRQHandler
  111 00000000                 IMPORT           RTCAlarm_IRQHandler
  112 00000000                 IMPORT           USBWakeUp_IRQHandler
  113 00000000                 IMPORT           TIM8_BRK_IRQHandler
  114 00000000                 IMPORT           TIM8_UP_IRQHandler
  115 00000000                 IMPORT           TIM8_TRG_COM_IRQHandler
  116 00000000                 IMPORT           TIM8_CC_IRQHandler
  117 00000000                 IMPORT           ADC3_IRQHandler
  118 00000000                 IMPORT           FSMC_IRQHandler
  119 00000000                 IMPORT           SDIO_IRQHandler
  120 00000000                 IMPORT           TIM5_IRQHandler
  121 00000000                 IMPORT           SPI3_IRQHandler
  122 00000000                 IMPORT           UART4_IRQHandler
  123 00000000                 IMPORT           UART5_IRQHandler
  124 00000000                 IMPORT           TIM6_IRQHandler
  125 00000000                 IMPORT           TIM7_IRQHandler
  126 00000000                 IMPORT           DMA2_Channel1_IRQHandler
  127 00000000                 IMPORT           DMA2_Channel2_IRQHandler
  128 00000000                 IMPORT           DMA2_Channel3_IRQHandler
  129 00000000                 IMPORT           DMA2_Channel4_5_IRQHandler
  130 00000000         
  131 00000000         ;*******************************************************
                       ************************
  132 00000000         ; Fill-up the Vector Table entries with the exceptions I
                       SR address
  133 00000000         ;*******************************************************
                       ************************
  134 00000000                 AREA             RESET, DATA, READONLY
  135 00000000                 EXPORT           __Vectors
  136 00000000         
  137 00000000 00000000 
                       __Vectors
                               DCD              __initial_sp ; Top of Stack
  138 00000004 00000000        DCD              Reset_Handler
  139 00000008 00000000        DCD              NMIException
  140 0000000C 00000000        DCD              HardFaultException
  141 00000010 00000000        DCD              MemManageException
  142 00000014 00000000        DCD              BusFaultException
  143 00000018 00000000        DCD              UsageFaultException
  144 0000001C 00000000        DCD              0           ; Reserved



ARM Macro Assembler    Page 4 


  145 00000020 00000000        DCD              0           ; Reserved
  146 00000024 00000000        DCD              0           ; Reserved
  147 00000028 00000000        DCD              0           ; Reserved
  148 0000002C 00000000        DCD              SVCHandler
  149 00000030 00000000        DCD              DebugMonitor
  150 00000034 00000000        DCD              0           ; Reserved
  151 00000038 00000000        DCD              OSPendSV
  152 0000003C 00000000        DCD              OS_CPU_SysTickHandler
  153 00000040 00000000        DCD              WWDG_IRQHandler
  154 00000044 00000000        DCD              PVD_IRQHandler
  155 00000048 00000000        DCD              TAMPER_IRQHandler
  156 0000004C 00000000        DCD              RTC_IRQHandler
  157 00000050 00000000        DCD              FLASH_IRQHandler
  158 00000054 00000000        DCD              RCC_IRQHandler
  159 00000058 00000000        DCD              EXTI0_IRQHandler
  160 0000005C 00000000        DCD              EXTI1_IRQHandler
  161 00000060 00000000        DCD              EXTI2_IRQHandler
  162 00000064 00000000        DCD              EXTI3_IRQHandler
  163 00000068 00000000        DCD              EXTI4_IRQHandler
  164 0000006C 00000000        DCD              DMA1_Channel1_IRQHandler
  165 00000070 00000000        DCD              DMA1_Channel2_IRQHandler
  166 00000074 00000000        DCD              DMA1_Channel3_IRQHandler
  167 00000078 00000000        DCD              DMA1_Channel4_IRQHandler
  168 0000007C 00000000        DCD              DMA1_Channel5_IRQHandler
  169 00000080 00000000        DCD              DMA1_Channel6_IRQHandler
  170 00000084 00000000        DCD              DMA1_Channel7_IRQHandler
  171 00000088 00000000        DCD              ADC1_2_IRQHandler
  172 0000008C 00000000        DCD              USB_HP_CAN_TX_IRQHandler
  173 00000090 00000000        DCD              USB_LP_CAN_RX0_IRQHandler
  174 00000094 00000000        DCD              CAN_RX1_IRQHandler
  175 00000098 00000000        DCD              CAN_SCE_IRQHandler
  176 0000009C 00000000        DCD              EXTI9_5_IRQHandler
  177 000000A0 00000000        DCD              TIM1_BRK_IRQHandler
  178 000000A4 00000000        DCD              TIM1_UP_IRQHandler
  179 000000A8 00000000        DCD              TIM1_TRG_COM_IRQHandler
  180 000000AC 00000000        DCD              TIM1_CC_IRQHandler
  181 000000B0 00000000        DCD              TIM2_IRQHandler
  182 000000B4 00000000        DCD              TIM3_IRQHandler
  183 000000B8 00000000        DCD              TIM4_IRQHandler
  184 000000BC 00000000        DCD              I2C1_EV_IRQHandler
  185 000000C0 00000000        DCD              I2C1_ER_IRQHandler
  186 000000C4 00000000        DCD              I2C2_EV_IRQHandler
  187 000000C8 00000000        DCD              I2C2_ER_IRQHandler
  188 000000CC 00000000        DCD              SPI1_IRQHandler
  189 000000D0 00000000        DCD              SPI2_IRQHandler
  190 000000D4 00000000        DCD              USART1_IRQHandler
  191 000000D8 00000000        DCD              USART2_IRQHandler
  192 000000DC 00000000        DCD              USART3_IRQHandler
  193 000000E0 00000000        DCD              EXTI15_10_IRQHandler
  194 000000E4 00000000        DCD              RTCAlarm_IRQHandler
  195 000000E8 00000000        DCD              USBWakeUp_IRQHandler
  196 000000EC 00000000        DCD              TIM8_BRK_IRQHandler
  197 000000F0 00000000        DCD              TIM8_UP_IRQHandler
  198 000000F4 00000000        DCD              TIM8_TRG_COM_IRQHandler
  199 000000F8 00000000        DCD              TIM8_CC_IRQHandler
  200 000000FC 00000000        DCD              ADC3_IRQHandler
  201 00000100 00000000        DCD              FSMC_IRQHandler
  202 00000104 00000000        DCD              SDIO_IRQHandler
  203 00000108 00000000        DCD              TIM5_IRQHandler



ARM Macro Assembler    Page 5 


  204 0000010C 00000000        DCD              SPI3_IRQHandler
  205 00000110 00000000        DCD              UART4_IRQHandler
  206 00000114 00000000        DCD              UART5_IRQHandler
  207 00000118 00000000        DCD              TIM6_IRQHandler
  208 0000011C 00000000        DCD              TIM7_IRQHandler
  209 00000120 00000000        DCD              DMA2_Channel1_IRQHandler
  210 00000124 00000000        DCD              DMA2_Channel2_IRQHandler
  211 00000128 00000000        DCD              DMA2_Channel3_IRQHandler
  212 0000012C 00000000        DCD              DMA2_Channel4_5_IRQHandler
  213 00000130         
  214 00000130                 AREA             |.text|, CODE, READONLY
  215 00000000         
  216 00000000         ; Reset handler routine
  217 00000000         Reset_Handler
                               PROC
  218 00000000                 EXPORT           Reset_Handler
  219 00000000                 IMPORT           __main
  220 00000000 4803            LDR              R0, =__main
  221 00000002 4700            BX               R0
  222 00000004                 ENDP
  223 00000004         
  224 00000004                 ALIGN
  225 00000004         
  226 00000004         ;*******************************************************
                       ************************
  227 00000004         ; User Stack and Heap initialization
  228 00000004         ;*******************************************************
                       ************************
  229 00000004                 IF               :DEF:__MICROLIB
  236 00000004         
  237 00000004                 IMPORT           __use_two_region_memory
  238 00000004                 EXPORT           __user_initial_stackheap
  239 00000004         __user_initial_stackheap
  240 00000004         
  241 00000004 4803            LDR              R0, =  Heap_Mem
  242 00000006 4904            LDR              R1, =(Stack_Mem + Stack_Size)
  243 00000008 4A02            LDR              R2, = (Heap_Mem +  Heap_Size)
  244 0000000A 4B04            LDR              R3, = Stack_Mem
  245 0000000C 4770            BX               LR
  246 0000000E         
  247 0000000E 00 00           ALIGN
  248 00000010         
  249 00000010                 ENDIF
  250 00000010         
  251 00000010                 END
              00000000 
              00000000 
              00000800 
              00000000 
Command Line: --debug --xref --cpu=Cortex-M3 --apcs=interwork -o.\obj\stm32f10x
_vector.o -ID:\Keil\ARM\INC -ID:\Keil\ARM\INC\ST\STM32F10x --list=.\lst\stm32f1
0x_vector.lst ..\boot\stm32f10x_vector.s



ARM Macro Assembler    Page 1 Alphabetic symbol ordering
Relocatable symbols

STACK 00000000

Symbol: STACK
   Definitions
      At line 34 in file ..\boot\stm32f10x_vector.s
   Uses
      None
Comment: STACK unused
Stack_Mem 00000000

Symbol: Stack_Mem
   Definitions
      At line 35 in file ..\boot\stm32f10x_vector.s
   Uses
      At line 242 in file ..\boot\stm32f10x_vector.s
      At line 244 in file ..\boot\stm32f10x_vector.s

__initial_sp 00000800

Symbol: __initial_sp
   Definitions
      At line 37 in file ..\boot\stm32f10x_vector.s
   Uses
      At line 137 in file ..\boot\stm32f10x_vector.s
Comment: __initial_sp used once
3 symbols



ARM Macro Assembler    Page 1 Alphabetic symbol ordering
Relocatable symbols

HEAP 00000000

Symbol: HEAP
   Definitions
      At line 51 in file ..\boot\stm32f10x_vector.s
   Uses
      None
Comment: HEAP unused
Heap_Mem 00000000

Symbol: Heap_Mem
   Definitions
      At line 53 in file ..\boot\stm32f10x_vector.s
   Uses
      At line 241 in file ..\boot\stm32f10x_vector.s
      At line 243 in file ..\boot\stm32f10x_vector.s

__heap_base 00000000

Symbol: __heap_base
   Definitions
      At line 52 in file ..\boot\stm32f10x_vector.s
   Uses
      None
Comment: __heap_base unused
__heap_limit 00000000

Symbol: __heap_limit
   Definitions
      At line 54 in file ..\boot\stm32f10x_vector.s
   Uses
      None
Comment: __heap_limit unused
4 symbols



ARM Macro Assembler    Page 1 Alphabetic symbol ordering
Relocatable symbols

RESET 00000000

Symbol: RESET
   Definitions
      At line 134 in file ..\boot\stm32f10x_vector.s
   Uses
      None
Comment: RESET unused
__Vectors 00000000

Symbol: __Vectors
   Definitions
      At line 137 in file ..\boot\stm32f10x_vector.s
   Uses
      At line 135 in file ..\boot\stm32f10x_vector.s
Comment: __Vectors used once
2 symbols



ARM Macro Assembler    Page 1 Alphabetic symbol ordering
Relocatable symbols

.text 00000000

Symbol: .text
   Definitions
      At line 214 in file ..\boot\stm32f10x_vector.s
   Uses
      None
Comment: .text unused
Reset_Handler 00000000

Symbol: Reset_Handler
   Definitions
      At line 217 in file ..\boot\stm32f10x_vector.s
   Uses
      At line 138 in file ..\boot\stm32f10x_vector.s
      At line 218 in file ..\boot\stm32f10x_vector.s

__user_initial_stackheap 00000004

Symbol: __user_initial_stackheap
   Definitions
      At line 239 in file ..\boot\stm32f10x_vector.s
   Uses
      At line 238 in file ..\boot\stm32f10x_vector.s
Comment: __user_initial_stackheap used once
3 symbols



ARM Macro Assembler    Page 1 Alphabetic symbol ordering
Absolute symbols

Heap_Size 00000000

Symbol: Heap_Size
   Definitions
      At line 49 in file ..\boot\stm32f10x_vector.s
   Uses
      At line 53 in file ..\boot\stm32f10x_vector.s
      At line 243 in file ..\boot\stm32f10x_vector.s

Stack_Size 00000800

Symbol: Stack_Size
   Definitions
      At line 32 in file ..\boot\stm32f10x_vector.s
   Uses
      At line 35 in file ..\boot\stm32f10x_vector.s
      At line 242 in file ..\boot\stm32f10x_vector.s

2 symbols



ARM Macro Assembler    Page 1 Alphabetic symbol ordering
External symbols

ADC1_2_IRQHandler 00000000

Symbol: ADC1_2_IRQHandler
   Definitions
      At line 88 in file ..\boot\stm32f10x_vector.s
   Uses
      At line 171 in file ..\boot\stm32f10x_vector.s
Comment: ADC1_2_IRQHandler used once
ADC3_IRQHandler 00000000

Symbol: ADC3_IRQHandler
   Definitions
      At line 117 in file ..\boot\stm32f10x_vector.s
   Uses
      At line 200 in file ..\boot\stm32f10x_vector.s
Comment: ADC3_IRQHandler used once
BusFaultException 00000000

Symbol: BusFaultException
   Definitions
      At line 64 in file ..\boot\stm32f10x_vector.s
   Uses
      At line 142 in file ..\boot\stm32f10x_vector.s
Comment: BusFaultException used once
CAN_RX1_IRQHandler 00000000

Symbol: CAN_RX1_IRQHandler
   Definitions
      At line 91 in file ..\boot\stm32f10x_vector.s
   Uses
      At line 174 in file ..\boot\stm32f10x_vector.s
Comment: CAN_RX1_IRQHandler used once
CAN_SCE_IRQHandler 00000000

Symbol: CAN_SCE_IRQHandler
   Definitions
      At line 92 in file ..\boot\stm32f10x_vector.s
   Uses
      At line 175 in file ..\boot\stm32f10x_vector.s
Comment: CAN_SCE_IRQHandler used once
DMA1_Channel1_IRQHandler 00000000

Symbol: DMA1_Channel1_IRQHandler
   Definitions
      At line 81 in file ..\boot\stm32f10x_vector.s
   Uses
      At line 164 in file ..\boot\stm32f10x_vector.s
Comment: DMA1_Channel1_IRQHandler used once
DMA1_Channel2_IRQHandler 00000000

Symbol: DMA1_Channel2_IRQHandler
   Definitions
      At line 82 in file ..\boot\stm32f10x_vector.s
   Uses
      At line 165 in file ..\boot\stm32f10x_vector.s
Comment: DMA1_Channel2_IRQHandler used once
DMA1_Channel3_IRQHandler 00000000

Symbol: DMA1_Channel3_IRQHandler



ARM Macro Assembler    Page 2 Alphabetic symbol ordering
External symbols

   Definitions
      At line 83 in file ..\boot\stm32f10x_vector.s
   Uses
      At line 166 in file ..\boot\stm32f10x_vector.s
Comment: DMA1_Channel3_IRQHandler used once
DMA1_Channel4_IRQHandler 00000000

Symbol: DMA1_Channel4_IRQHandler
   Definitions
      At line 84 in file ..\boot\stm32f10x_vector.s
   Uses
      At line 167 in file ..\boot\stm32f10x_vector.s
Comment: DMA1_Channel4_IRQHandler used once
DMA1_Channel5_IRQHandler 00000000

Symbol: DMA1_Channel5_IRQHandler
   Definitions
      At line 85 in file ..\boot\stm32f10x_vector.s
   Uses
      At line 168 in file ..\boot\stm32f10x_vector.s
Comment: DMA1_Channel5_IRQHandler used once
DMA1_Channel6_IRQHandler 00000000

Symbol: DMA1_Channel6_IRQHandler
   Definitions
      At line 86 in file ..\boot\stm32f10x_vector.s
   Uses
      At line 169 in file ..\boot\stm32f10x_vector.s
Comment: DMA1_Channel6_IRQHandler used once
DMA1_Channel7_IRQHandler 00000000

Symbol: DMA1_Channel7_IRQHandler
   Definitions
      At line 87 in file ..\boot\stm32f10x_vector.s
   Uses
      At line 170 in file ..\boot\stm32f10x_vector.s
Comment: DMA1_Channel7_IRQHandler used once
DMA2_Channel1_IRQHandler 00000000

Symbol: DMA2_Channel1_IRQHandler
   Definitions
      At line 126 in file ..\boot\stm32f10x_vector.s
   Uses
      At line 209 in file ..\boot\stm32f10x_vector.s
Comment: DMA2_Channel1_IRQHandler used once
DMA2_Channel2_IRQHandler 00000000

Symbol: DMA2_Channel2_IRQHandler
   Definitions
      At line 127 in file ..\boot\stm32f10x_vector.s
   Uses
      At line 210 in file ..\boot\stm32f10x_vector.s
Comment: DMA2_Channel2_IRQHandler used once
DMA2_Channel3_IRQHandler 00000000

Symbol: DMA2_Channel3_IRQHandler
   Definitions
      At line 128 in file ..\boot\stm32f10x_vector.s
   Uses



ARM Macro Assembler    Page 3 Alphabetic symbol ordering
External symbols

      At line 211 in file ..\boot\stm32f10x_vector.s
Comment: DMA2_Channel3_IRQHandler used once
DMA2_Channel4_5_IRQHandler 00000000

Symbol: DMA2_Channel4_5_IRQHandler
   Definitions
      At line 129 in file ..\boot\stm32f10x_vector.s
   Uses
      At line 212 in file ..\boot\stm32f10x_vector.s
Comment: DMA2_Channel4_5_IRQHandler used once
DebugMonitor 00000000

Symbol: DebugMonitor
   Definitions
      At line 67 in file ..\boot\stm32f10x_vector.s
   Uses
      At line 149 in file ..\boot\stm32f10x_vector.s
Comment: DebugMonitor used once
EXTI0_IRQHandler 00000000

Symbol: EXTI0_IRQHandler
   Definitions
      At line 76 in file ..\boot\stm32f10x_vector.s
   Uses
      At line 159 in file ..\boot\stm32f10x_vector.s
Comment: EXTI0_IRQHandler used once
EXTI15_10_IRQHandler 00000000

Symbol: EXTI15_10_IRQHandler
   Definitions
      At line 110 in file ..\boot\stm32f10x_vector.s
   Uses
      At line 193 in file ..\boot\stm32f10x_vector.s
Comment: EXTI15_10_IRQHandler used once
EXTI1_IRQHandler 00000000

Symbol: EXTI1_IRQHandler
   Definitions
      At line 77 in file ..\boot\stm32f10x_vector.s
   Uses
      At line 160 in file ..\boot\stm32f10x_vector.s
Comment: EXTI1_IRQHandler used once
EXTI2_IRQHandler 00000000

Symbol: EXTI2_IRQHandler
   Definitions
      At line 78 in file ..\boot\stm32f10x_vector.s
   Uses
      At line 161 in file ..\boot\stm32f10x_vector.s
Comment: EXTI2_IRQHandler used once
EXTI3_IRQHandler 00000000

Symbol: EXTI3_IRQHandler
   Definitions
      At line 79 in file ..\boot\stm32f10x_vector.s
   Uses
      At line 162 in file ..\boot\stm32f10x_vector.s
Comment: EXTI3_IRQHandler used once
EXTI4_IRQHandler 00000000



ARM Macro Assembler    Page 4 Alphabetic symbol ordering
External symbols


Symbol: EXTI4_IRQHandler
   Definitions
      At line 80 in file ..\boot\stm32f10x_vector.s
   Uses
      At line 163 in file ..\boot\stm32f10x_vector.s
Comment: EXTI4_IRQHandler used once
EXTI9_5_IRQHandler 00000000

Symbol: EXTI9_5_IRQHandler
   Definitions
      At line 93 in file ..\boot\stm32f10x_vector.s
   Uses
      At line 176 in file ..\boot\stm32f10x_vector.s
Comment: EXTI9_5_IRQHandler used once
FLASH_IRQHandler 00000000

Symbol: FLASH_IRQHandler
   Definitions
      At line 74 in file ..\boot\stm32f10x_vector.s
   Uses
      At line 157 in file ..\boot\stm32f10x_vector.s
Comment: FLASH_IRQHandler used once
FSMC_IRQHandler 00000000

Symbol: FSMC_IRQHandler
   Definitions
      At line 118 in file ..\boot\stm32f10x_vector.s
   Uses
      At line 201 in file ..\boot\stm32f10x_vector.s
Comment: FSMC_IRQHandler used once
HardFaultException 00000000

Symbol: HardFaultException
   Definitions
      At line 62 in file ..\boot\stm32f10x_vector.s
   Uses
      At line 140 in file ..\boot\stm32f10x_vector.s
Comment: HardFaultException used once
I2C1_ER_IRQHandler 00000000

Symbol: I2C1_ER_IRQHandler
   Definitions
      At line 102 in file ..\boot\stm32f10x_vector.s
   Uses
      At line 185 in file ..\boot\stm32f10x_vector.s
Comment: I2C1_ER_IRQHandler used once
I2C1_EV_IRQHandler 00000000

Symbol: I2C1_EV_IRQHandler
   Definitions
      At line 101 in file ..\boot\stm32f10x_vector.s
   Uses
      At line 184 in file ..\boot\stm32f10x_vector.s
Comment: I2C1_EV_IRQHandler used once
I2C2_ER_IRQHandler 00000000

Symbol: I2C2_ER_IRQHandler
   Definitions



ARM Macro Assembler    Page 5 Alphabetic symbol ordering
External symbols

      At line 104 in file ..\boot\stm32f10x_vector.s
   Uses
      At line 187 in file ..\boot\stm32f10x_vector.s
Comment: I2C2_ER_IRQHandler used once
I2C2_EV_IRQHandler 00000000

Symbol: I2C2_EV_IRQHandler
   Definitions
      At line 103 in file ..\boot\stm32f10x_vector.s
   Uses
      At line 186 in file ..\boot\stm32f10x_vector.s
Comment: I2C2_EV_IRQHandler used once
MemManageException 00000000

Symbol: MemManageException
   Definitions
      At line 63 in file ..\boot\stm32f10x_vector.s
   Uses
      At line 141 in file ..\boot\stm32f10x_vector.s
Comment: MemManageException used once
NMIException 00000000

Symbol: NMIException
   Definitions
      At line 61 in file ..\boot\stm32f10x_vector.s
   Uses
      At line 139 in file ..\boot\stm32f10x_vector.s
Comment: NMIException used once
OSPendSV 00000000

Symbol: OSPendSV
   Definitions
      At line 68 in file ..\boot\stm32f10x_vector.s
   Uses
      At line 151 in file ..\boot\stm32f10x_vector.s
Comment: OSPendSV used once
OS_CPU_SysTickHandler 00000000

Symbol: OS_CPU_SysTickHandler
   Definitions
      At line 69 in file ..\boot\stm32f10x_vector.s
   Uses
      At line 152 in file ..\boot\stm32f10x_vector.s
Comment: OS_CPU_SysTickHandler used once
PVD_IRQHandler 00000000

Symbol: PVD_IRQHandler
   Definitions
      At line 71 in file ..\boot\stm32f10x_vector.s
   Uses
      At line 154 in file ..\boot\stm32f10x_vector.s
Comment: PVD_IRQHandler used once
RCC_IRQHandler 00000000

Symbol: RCC_IRQHandler
   Definitions
      At line 75 in file ..\boot\stm32f10x_vector.s
   Uses
      At line 158 in file ..\boot\stm32f10x_vector.s



ARM Macro Assembler    Page 6 Alphabetic symbol ordering
External symbols

Comment: RCC_IRQHandler used once
RTCAlarm_IRQHandler 00000000

Symbol: RTCAlarm_IRQHandler
   Definitions
      At line 111 in file ..\boot\stm32f10x_vector.s
   Uses
      At line 194 in file ..\boot\stm32f10x_vector.s
Comment: RTCAlarm_IRQHandler used once
RTC_IRQHandler 00000000

Symbol: RTC_IRQHandler
   Definitions
      At line 73 in file ..\boot\stm32f10x_vector.s
   Uses
      At line 156 in file ..\boot\stm32f10x_vector.s
Comment: RTC_IRQHandler used once
SDIO_IRQHandler 00000000

Symbol: SDIO_IRQHandler
   Definitions
      At line 119 in file ..\boot\stm32f10x_vector.s
   Uses
      At line 202 in file ..\boot\stm32f10x_vector.s
Comment: SDIO_IRQHandler used once
SPI1_IRQHandler 00000000

Symbol: SPI1_IRQHandler
   Definitions
      At line 105 in file ..\boot\stm32f10x_vector.s
   Uses
      At line 188 in file ..\boot\stm32f10x_vector.s
Comment: SPI1_IRQHandler used once
SPI2_IRQHandler 00000000

Symbol: SPI2_IRQHandler
   Definitions
      At line 106 in file ..\boot\stm32f10x_vector.s
   Uses
      At line 189 in file ..\boot\stm32f10x_vector.s
Comment: SPI2_IRQHandler used once
SPI3_IRQHandler 00000000

Symbol: SPI3_IRQHandler
   Definitions
      At line 121 in file ..\boot\stm32f10x_vector.s
   Uses
      At line 204 in file ..\boot\stm32f10x_vector.s
Comment: SPI3_IRQHandler used once
SVCHandler 00000000

Symbol: SVCHandler
   Definitions
      At line 66 in file ..\boot\stm32f10x_vector.s
   Uses
      At line 148 in file ..\boot\stm32f10x_vector.s
Comment: SVCHandler used once
TAMPER_IRQHandler 00000000




ARM Macro Assembler    Page 7 Alphabetic symbol ordering
External symbols

Symbol: TAMPER_IRQHandler
   Definitions
      At line 72 in file ..\boot\stm32f10x_vector.s
   Uses
      At line 155 in file ..\boot\stm32f10x_vector.s
Comment: TAMPER_IRQHandler used once
TIM1_BRK_IRQHandler 00000000

Symbol: TIM1_BRK_IRQHandler
   Definitions
      At line 94 in file ..\boot\stm32f10x_vector.s
   Uses
      At line 177 in file ..\boot\stm32f10x_vector.s
Comment: TIM1_BRK_IRQHandler used once
TIM1_CC_IRQHandler 00000000

Symbol: TIM1_CC_IRQHandler
   Definitions
      At line 97 in file ..\boot\stm32f10x_vector.s
   Uses
      At line 180 in file ..\boot\stm32f10x_vector.s
Comment: TIM1_CC_IRQHandler used once
TIM1_TRG_COM_IRQHandler 00000000

Symbol: TIM1_TRG_COM_IRQHandler
   Definitions
      At line 96 in file ..\boot\stm32f10x_vector.s
   Uses
      At line 179 in file ..\boot\stm32f10x_vector.s
Comment: TIM1_TRG_COM_IRQHandler used once
TIM1_UP_IRQHandler 00000000

Symbol: TIM1_UP_IRQHandler
   Definitions
      At line 95 in file ..\boot\stm32f10x_vector.s
   Uses
      At line 178 in file ..\boot\stm32f10x_vector.s
Comment: TIM1_UP_IRQHandler used once
TIM2_IRQHandler 00000000

Symbol: TIM2_IRQHandler
   Definitions
      At line 98 in file ..\boot\stm32f10x_vector.s
   Uses
      At line 181 in file ..\boot\stm32f10x_vector.s
Comment: TIM2_IRQHandler used once
TIM3_IRQHandler 00000000

Symbol: TIM3_IRQHandler
   Definitions
      At line 99 in file ..\boot\stm32f10x_vector.s
   Uses
      At line 182 in file ..\boot\stm32f10x_vector.s
Comment: TIM3_IRQHandler used once
TIM4_IRQHandler 00000000

Symbol: TIM4_IRQHandler
   Definitions
      At line 100 in file ..\boot\stm32f10x_vector.s



ARM Macro Assembler    Page 8 Alphabetic symbol ordering
External symbols

   Uses
      At line 183 in file ..\boot\stm32f10x_vector.s
Comment: TIM4_IRQHandler used once
TIM5_IRQHandler 00000000

Symbol: TIM5_IRQHandler
   Definitions
      At line 120 in file ..\boot\stm32f10x_vector.s
   Uses
      At line 203 in file ..\boot\stm32f10x_vector.s
Comment: TIM5_IRQHandler used once
TIM6_IRQHandler 00000000

Symbol: TIM6_IRQHandler
   Definitions
      At line 124 in file ..\boot\stm32f10x_vector.s
   Uses
      At line 207 in file ..\boot\stm32f10x_vector.s
Comment: TIM6_IRQHandler used once
TIM7_IRQHandler 00000000

Symbol: TIM7_IRQHandler
   Definitions
      At line 125 in file ..\boot\stm32f10x_vector.s
   Uses
      At line 208 in file ..\boot\stm32f10x_vector.s
Comment: TIM7_IRQHandler used once
TIM8_BRK_IRQHandler 00000000

Symbol: TIM8_BRK_IRQHandler
   Definitions
      At line 113 in file ..\boot\stm32f10x_vector.s
   Uses
      At line 196 in file ..\boot\stm32f10x_vector.s
Comment: TIM8_BRK_IRQHandler used once
TIM8_CC_IRQHandler 00000000

Symbol: TIM8_CC_IRQHandler
   Definitions
      At line 116 in file ..\boot\stm32f10x_vector.s
   Uses
      At line 199 in file ..\boot\stm32f10x_vector.s
Comment: TIM8_CC_IRQHandler used once
TIM8_TRG_COM_IRQHandler 00000000

Symbol: TIM8_TRG_COM_IRQHandler
   Definitions
      At line 115 in file ..\boot\stm32f10x_vector.s
   Uses
      At line 198 in file ..\boot\stm32f10x_vector.s
Comment: TIM8_TRG_COM_IRQHandler used once
TIM8_UP_IRQHandler 00000000

Symbol: TIM8_UP_IRQHandler
   Definitions
      At line 114 in file ..\boot\stm32f10x_vector.s
   Uses
      At line 197 in file ..\boot\stm32f10x_vector.s
Comment: TIM8_UP_IRQHandler used once



ARM Macro Assembler    Page 9 Alphabetic symbol ordering
External symbols

UART4_IRQHandler 00000000

Symbol: UART4_IRQHandler
   Definitions
      At line 122 in file ..\boot\stm32f10x_vector.s
   Uses
      At line 205 in file ..\boot\stm32f10x_vector.s
Comment: UART4_IRQHandler used once
UART5_IRQHandler 00000000

Symbol: UART5_IRQHandler
   Definitions
      At line 123 in file ..\boot\stm32f10x_vector.s
   Uses
      At line 206 in file ..\boot\stm32f10x_vector.s
Comment: UART5_IRQHandler used once
USART1_IRQHandler 00000000

Symbol: USART1_IRQHandler
   Definitions
      At line 107 in file ..\boot\stm32f10x_vector.s
   Uses
      At line 190 in file ..\boot\stm32f10x_vector.s
Comment: USART1_IRQHandler used once
USART2_IRQHandler 00000000

Symbol: USART2_IRQHandler
   Definitions
      At line 108 in file ..\boot\stm32f10x_vector.s
   Uses
      At line 191 in file ..\boot\stm32f10x_vector.s
Comment: USART2_IRQHandler used once
USART3_IRQHandler 00000000

Symbol: USART3_IRQHandler
   Definitions
      At line 109 in file ..\boot\stm32f10x_vector.s
   Uses
      At line 192 in file ..\boot\stm32f10x_vector.s
Comment: USART3_IRQHandler used once
USBWakeUp_IRQHandler 00000000

Symbol: USBWakeUp_IRQHandler
   Definitions
      At line 112 in file ..\boot\stm32f10x_vector.s
   Uses
      At line 195 in file ..\boot\stm32f10x_vector.s
Comment: USBWakeUp_IRQHandler used once
USB_HP_CAN_TX_IRQHandler 00000000

Symbol: USB_HP_CAN_TX_IRQHandler
   Definitions
      At line 89 in file ..\boot\stm32f10x_vector.s
   Uses
      At line 172 in file ..\boot\stm32f10x_vector.s
Comment: USB_HP_CAN_TX_IRQHandler used once
USB_LP_CAN_RX0_IRQHandler 00000000

Symbol: USB_LP_CAN_RX0_IRQHandler



ARM Macro Assembler    Page 10 Alphabetic symbol ordering
External symbols

   Definitions
      At line 90 in file ..\boot\stm32f10x_vector.s
   Uses
      At line 173 in file ..\boot\stm32f10x_vector.s
Comment: USB_LP_CAN_RX0_IRQHandler used once
UsageFaultException 00000000

Symbol: UsageFaultException
   Definitions
      At line 65 in file ..\boot\stm32f10x_vector.s
   Uses
      At line 143 in file ..\boot\stm32f10x_vector.s
Comment: UsageFaultException used once
WWDG_IRQHandler 00000000

Symbol: WWDG_IRQHandler
   Definitions
      At line 70 in file ..\boot\stm32f10x_vector.s
   Uses
      At line 153 in file ..\boot\stm32f10x_vector.s
Comment: WWDG_IRQHandler used once
__main 00000000

Symbol: __main
   Definitions
      At line 219 in file ..\boot\stm32f10x_vector.s
   Uses
      At line 220 in file ..\boot\stm32f10x_vector.s
Comment: __main used once
__use_two_region_memory 00000000

Symbol: __use_two_region_memory
   Definitions
      At line 237 in file ..\boot\stm32f10x_vector.s
   Uses
      None
Comment: __use_two_region_memory unused
71 symbols
406 symbols in table
